Traceback (most recent call last):
  File "C:\Users\BRIAN\AppData\Local\Programs\Python\Python311\Lib\site-packages\jupyter_cache\executors\utils.py", line 58, in single_nb_execution
    executenb(
  File "C:\Users\BRIAN\AppData\Local\Programs\Python\Python311\Lib\site-packages\nbclient\client.py", line 1319, in execute
    return NotebookClient(nb=nb, resources=resources, km=km, **kwargs).execute()
           ^^^^^^^^^^^^^^^^^^^^^^^^^^^^^^^^^^^^^^^^^^^^^^^^^^^^^^^^^^^^^^^^^^^^^
  File "C:\Users\BRIAN\AppData\Roaming\Python\Python311\site-packages\jupyter_core\utils\__init__.py", line 173, in wrapped
    return loop.run_until_complete(inner)
           ^^^^^^^^^^^^^^^^^^^^^^^^^^^^^^
  File "C:\Users\BRIAN\AppData\Local\Programs\Python\Python311\Lib\asyncio\base_events.py", line 653, in run_until_complete
    return future.result()
           ^^^^^^^^^^^^^^^
  File "C:\Users\BRIAN\AppData\Local\Programs\Python\Python311\Lib\site-packages\nbclient\client.py", line 709, in async_execute
    await self.async_execute_cell(
  File "C:\Users\BRIAN\AppData\Local\Programs\Python\Python311\Lib\site-packages\nbclient\client.py", line 1062, in async_execute_cell
    await self._check_raise_for_error(cell, cell_index, exec_reply)
  File "C:\Users\BRIAN\AppData\Local\Programs\Python\Python311\Lib\site-packages\nbclient\client.py", line 918, in _check_raise_for_error
    raise CellExecutionError.from_cell_and_msg(cell, exec_reply_content)
nbclient.exceptions.CellExecutionError: An error occurred while executing the following cell:
------------------
from selenium import webdriver
from selenium.webdriver.chrome.service import Service
from selenium.webdriver.chrome.options import Options

chrome_options = Options()
chrome_options.add_argument("--headless")  # optional

service = Service("C:/chromedriver/chromedriver.exe")  # arahkan ke chromedriver.exe
driver = webdriver.Chrome(service=service, options=chrome_options)

driver.get("https://shopee.co.id/search?keyword=machine%20learning")
print(driver.title)


------------------


[1;31m---------------------------------------------------------------------------[0m
[1;31mModuleNotFoundError[0m                       Traceback (most recent call last)
Cell [1;32mIn[1], line 1[0m
[1;32m----> 1[0m [38;5;28;01mfrom[39;00m[38;5;250m [39m[38;5;21;01mselenium[39;00m[38;5;250m [39m[38;5;28;01mimport[39;00m webdriver
[0;32m      2[0m [38;5;28;01mfrom[39;00m[38;5;250m [39m[38;5;21;01mselenium[39;00m[38;5;21;01m.[39;00m[38;5;21;01mwebdriver[39;00m[38;5;21;01m.[39;00m[38;5;21;01mchrome[39;00m[38;5;21;01m.[39;00m[38;5;21;01mservice[39;00m[38;5;250m [39m[38;5;28;01mimport[39;00m Service
[0;32m      3[0m [38;5;28;01mfrom[39;00m[38;5;250m [39m[38;5;21;01mselenium[39;00m[38;5;21;01m.[39;00m[38;5;21;01mwebdriver[39;00m[38;5;21;01m.[39;00m[38;5;21;01mchrome[39;00m[38;5;21;01m.[39;00m[38;5;21;01moptions[39;00m[38;5;250m [39m[38;5;28;01mimport[39;00m Options

[1;31mModuleNotFoundError[0m: No module named 'selenium'

